<?xml version="1.0" encoding="UTF-8"?>
<!-- Generated by org.testng.reporters.JUnitReportReporter -->
<testsuite hostname="DESKTOP-LR92FI1" failures="0" tests="1" name="SeleniumProject.Test_Amezon.Lunch" time="45.913" errors="0" timestamp="2021-10-06T03:10:18 IST" skipped="0">
  <testcase classname="SeleniumProject.Test_Amezon.Lunch" name="lunch" time="45.913"/>
  <system-out/>
</testsuite> <!-- SeleniumProject.Test_Amezon.Lunch -->
